# JRE version: OpenJDK Runtime Environment (8.0_152-b02) (build 1.8.0_152-release-1024-b02)
# Java VM: OpenJDK 64-Bit Server VM (25.152-b02 mixed mode windows-amd64 compressed oops)
Heap:
 PSYoungGen      total 108032K, used 63314K [0x00000000e0000000, 0x00000000e8d80000, 0x0000000100000000)
  eden space 80896K, 44% used [0x00000000e0000000,0x00000000e2358a28,0x00000000e4f00000)
  from space 27136K, 99% used [0x00000000e4f00000,0x00000000e697be98,0x00000000e6980000)
  to   space 21504K, 0% used [0x00000000e6980000,0x00000000e6980000,0x00000000e7e80000)
 ParOldGen       total 129024K, used 34755K [0x00000000a0000000, 0x00000000a7e00000, 0x00000000e0000000)
  object space 129024K, 26% used [0x00000000a0000000,0x00000000a21f0dd0,0x00000000a7e00000)
 Metaspace       used 55227K, capacity 56328K, committed 56872K, reserved 1099776K
  class space    used 6595K, capacity 6843K, committed 6960K, reserved 1048576K
GC Heap History (10 events):
Event: 984.462 GC heap before
{Heap before GC invocations=8 (full 3):
 PSYoungGen      total 75264K, used 10734K [0x00000000e0000000, 0x00000000e5400000, 0x0000000100000000)
  eden space 64512K, 0% used [0x00000000e0000000,0x00000000e0000000,0x00000000e3f00000)
  from space 10752K, 99% used [0x00000000e3f00000,0x00000000e497bb70,0x00000000e4980000)
  to   space 10752K, 0% used [0x00000000e4980000,0x00000000e4980000,0x00000000e5400000)
 ParOldGen       total 73728K, used 13789K [0x00000000a0000000, 0x00000000a4800000, 0x00000000e0000000)
  object space 73728K, 18% used [0x00000000a0000000,0x00000000a0d77418,0x00000000a4800000)
 Metaspace       used 34575K, capacity 35055K, committed 35496K, reserved 1081344K
  class space    used 4299K, capacity 4438K, committed 4528K, reserved 1048576K
Event: 984.537 GC heap after
Heap after GC invocations=8 (full 3):
 PSYoungGen      total 75264K, used 0K [0x00000000e0000000, 0x00000000e5400000, 0x0000000100000000)
  eden space 64512K, 0% used [0x00000000e0000000,0x00000000e0000000,0x00000000e3f00000)
  from space 10752K, 0% used [0x00000000e3f00000,0x00000000e3f00000,0x00000000e4980000)
  to   space 10752K, 0% used [0x00000000e4980000,0x00000000e4980000,0x00000000e5400000)
 ParOldGen       total 129024K, used 17206K [0x00000000a0000000, 0x00000000a7e00000, 0x00000000e0000000)
  object space 129024K, 13% used [0x00000000a0000000,0x00000000a10cd9b0,0x00000000a7e00000)
 Metaspace       used 34575K, capacity 35055K, committed 35496K, reserved 1081344K
  class space    used 4299K, capacity 4438K, committed 4528K, reserved 1048576K
}
Event: 985.514 GC heap before
{Heap before GC invocations=9 (full 3):
 PSYoungGen      total 75264K, used 64512K [0x00000000e0000000, 0x00000000e5400000, 0x0000000100000000)
  eden space 64512K, 100% used [0x00000000e0000000,0x00000000e3f00000,0x00000000e3f00000)
  from space 10752K, 0% used [0x00000000e3f00000,0x00000000e3f00000,0x00000000e4980000)
  to   space 10752K, 0% used [0x00000000e4980000,0x00000000e4980000,0x00000000e5400000)
 ParOldGen       total 129024K, used 17206K [0x00000000a0000000, 0x00000000a7e00000, 0x00000000e0000000)
  object space 129024K, 13% used [0x00000000a0000000,0x00000000a10cd9b0,0x00000000a7e00000)
 Metaspace       used 39656K, capacity 40341K, committed 41000K, reserved 1085440K
  class space    used 4915K, capacity 5077K, committed 5168K, reserved 1048576K
Event: 985.526 GC heap after
Heap after GC invocations=9 (full 3):
 PSYoungGen      total 67584K, used 10730K [0x00000000e0000000, 0x00000000e7a00000, 0x0000000100000000)
  eden space 56832K, 0% used [0x00000000e0000000,0x00000000e0000000,0x00000000e3780000)
  from space 10752K, 99% used [0x00000000e4980000,0x00000000e53fa858,0x00000000e5400000)
  to   space 18432K, 0% used [0x00000000e3780000,0x00000000e3780000,0x00000000e4980000)
 ParOldGen       total 129024K, used 19749K [0x00000000a0000000, 0x00000000a7e00000, 0x00000000e0000000)
  object space 129024K, 15% used [0x00000000a0000000,0x00000000a13497d0,0x00000000a7e00000)
 Metaspace       used 39656K, capacity 40341K, committed 41000K, reserved 1085440K
  class space    used 4915K, capacity 5077K, committed 5168K, reserved 1048576K
}
Event: 986.296 GC heap before
{Heap before GC invocations=10 (full 3):
 PSYoungGen      total 67584K, used 67562K [0x00000000e0000000, 0x00000000e7a00000, 0x0000000100000000)
  eden space 56832K, 100% used [0x00000000e0000000,0x00000000e3780000,0x00000000e3780000)
  from space 10752K, 99% used [0x00000000e4980000,0x00000000e53fa858,0x00000000e5400000)
  to   space 18432K, 0% used [0x00000000e3780000,0x00000000e3780000,0x00000000e4980000)
 ParOldGen       total 129024K, used 19749K [0x00000000a0000000, 0x00000000a7e00000, 0x00000000e0000000)
  object space 129024K, 15% used [0x00000000a0000000,0x00000000a13497d0,0x00000000a7e00000)
 Metaspace       used 42828K, capacity 43596K, committed 44072K, reserved 1087488K
  class space    used 5237K, capacity 5391K, committed 5424K, reserved 1048576K
Event: 986.324 GC heap after
Heap after GC invocations=10 (full 3):
 PSYoungGen      total 75264K, used 18193K [0x00000000e0000000, 0x00000000e7e80000, 0x0000000100000000)
  eden space 56832K, 0% used [0x00000000e0000000,0x00000000e0000000,0x00000000e3780000)
  from space 18432K, 98% used [0x00000000e3780000,0x00000000e4944760,0x00000000e4980000)
  to   space 21504K, 0% used [0x00000000e6980000,0x00000000e6980000,0x00000000e7e80000)
 ParOldGen       total 129024K, used 19757K [0x00000000a0000000, 0x00000000a7e00000, 0x00000000e0000000)
  object space 129024K, 15% used [0x00000000a0000000,0x00000000a134b7d0,0x00000000a7e00000)
 Metaspace       used 42828K, capacity 43596K, committed 44072K, reserved 1087488K
  class space    used 5237K, capacity 5391K, committed 5424K, reserved 1048576K
}
Event: 987.142 GC heap before
{Heap before GC invocations=11 (full 3):
 PSYoungGen      total 75264K, used 75025K [0x00000000e0000000, 0x00000000e7e80000, 0x0000000100000000)
  eden space 56832K, 100% used [0x00000000e0000000,0x00000000e3780000,0x00000000e3780000)
  from space 18432K, 98% used [0x00000000e3780000,0x00000000e4944760,0x00000000e4980000)
  to   space 21504K, 0% used [0x00000000e6980000,0x00000000e6980000,0x00000000e7e80000)
 ParOldGen       total 129024K, used 19757K [0x00000000a0000000, 0x00000000a7e00000, 0x00000000e0000000)
  object space 129024K, 15% used [0x00000000a0000000,0x00000000a134b7d0,0x00000000a7e00000)
 Metaspace       used 46338K, capacity 47120K, committed 47656K, reserved 1091584K
  class space    used 5718K, capacity 5911K, committed 5936K, reserved 1048576K
Event: 987.173 GC heap after
Heap after GC invocations=11 (full 3):
 PSYoungGen      total 102400K, used 21499K [0x00000000e0000000, 0x00000000e8d80000, 0x0000000100000000)
  eden space 80896K, 0% used [0x00000000e0000000,0x00000000e0000000,0x00000000e4f00000)
  from space 21504K, 99% used [0x00000000e6980000,0x00000000e7e7ee48,0x00000000e7e80000)
  to   space 27136K, 0% used [0x00000000e4f00000,0x00000000e4f00000,0x00000000e6980000)
 ParOldGen       total 129024K, used 25480K [0x00000000a0000000, 0x00000000a7e00000, 0x00000000e0000000)
  object space 129024K, 19% used [0x00000000a0000000,0x00000000a18e23d0,0x00000000a7e00000)
 Metaspace       used 46338K, capacity 47120K, committed 47656K, reserved 1091584K
  class space    used 5718K, capacity 5911K, committed 5936K, reserved 1048576K
}
Event: 988.760 GC heap before
{Heap before GC invocations=12 (full 3):
 PSYoungGen      total 102400K, used 102395K [0x00000000e0000000, 0x00000000e8d80000, 0x0000000100000000)
  eden space 80896K, 100% used [0x00000000e0000000,0x00000000e4f00000,0x00000000e4f00000)
  from space 21504K, 99% used [0x00000000e6980000,0x00000000e7e7ee48,0x00000000e7e80000)
  to   space 27136K, 0% used [0x00000000e4f00000,0x00000000e4f00000,0x00000000e6980000)
 ParOldGen       total 129024K, used 25480K [0x00000000a0000000, 0x00000000a7e00000, 0x00000000e0000000)
  object space 129024K, 19% used [0x00000000a0000000,0x00000000a18e23d0,0x00000000a7e00000)
 Metaspace       used 52280K, capacity 53174K, committed 53672K, reserved 1095680K
  class space    used 6310K, capacity 6516K, committed 6576K, reserved 1048576K
Event: 988.807 GC heap after
Heap after GC invocations=12 (full 3):
 PSYoungGen      total 108032K, used 27119K [0x00000000e0000000, 0x00000000e8d80000, 0x0000000100000000)
  eden space 80896K, 0% used [0x00000000e0000000,0x00000000e0000000,0x00000000e4f00000)
  from space 27136K, 99% used [0x00000000e4f00000,0x00000000e697be98,0x00000000e6980000)
  to   space 21504K, 0% used [0x00000000e6980000,0x00000000e6980000,0x00000000e7e80000)
 ParOldGen       total 129024K, used 34755K [0x00000000a0000000, 0x00000000a7e00000, 0x00000000e0000000)
  object space 129024K, 26% used [0x00000000a0000000,0x00000000a21f0dd0,0x00000000a7e00000)
 Metaspace       used 52280K, capacity 53174K, committed 53672K, reserved 1095680K
  class space    used 6310K, capacity 6516K, committed 6576K, reserved 1048576K
}

